<?xml version="1.0" encoding="UTF-8"?>
<testsuite name="com.smile.bank.functions.dao.impl.OpenAccountDAOImplTest" tests="4" skipped="0" failures="0" errors="0" timestamp="2021-05-14T14:37:18" hostname="LAPTOP-CQANB9I3" time="0.016">
  <properties/>
  <testcase name="testSavingsAccountFailed()" classname="com.smile.bank.functions.dao.impl.OpenAccountDAOImplTest" time="0.013"/>
  <testcase name="testCheckingAccountFailed()" classname="com.smile.bank.functions.dao.impl.OpenAccountDAOImplTest" time="0.001"/>
  <testcase name="testSavingsAccountOpened()" classname="com.smile.bank.functions.dao.impl.OpenAccountDAOImplTest" time="0.001"/>
  <testcase name="testCheckingAccountOpened()" classname="com.smile.bank.functions.dao.impl.OpenAccountDAOImplTest" time="0.001"/>
  <system-out><![CDATA[]]></system-out>
  <system-err><![CDATA[]]></system-err>
</testsuite>
